# JRE version: Java(TM) SE Runtime Environment 18.9 (11.0.10+8) (build 11.0.10+8-LTS-162)
# Java VM: Java HotSpot(TM) 64-Bit Server VM 18.9 (11.0.10+8-LTS-162, mixed mode, tiered, compressed oops, parallel gc, windows-amd64)
Heap:
 PSYoungGen      total 29184K, used 24078K [0x00000000eab00000, 0x00000000ece80000, 0x0000000100000000)
  eden space 23040K, 78% used [0x00000000eab00000,0x00000000ebcc3b30,0x00000000ec180000)
  from space 6144K, 95% used [0x00000000ec300000,0x00000000ec8c0010,0x00000000ec900000)
  to   space 5632K, 0% used [0x00000000ec900000,0x00000000ec900000,0x00000000ece80000)
 ParOldGen       total 68608K, used 15710K [0x00000000c0000000, 0x00000000c4300000, 0x00000000eab00000)
  object space 68608K, 22% used [0x00000000c0000000,0x00000000c0f57a80,0x00000000c4300000)
 Metaspace       used 30808K, capacity 32493K, committed 32768K, reserved 1079296K
  class space    used 2947K, capacity 3478K, committed 3584K, reserved 1048576K
GC Heap History (10 events):
Event: 2.149 GC heap before
{Heap before GC invocations=6 (full 1):
 PSYoungGen      total 29696K, used 29686K [0x00000000eab00000, 0x00000000ecc00000, 0x0000000100000000)
  eden space 25600K, 100% used [0x00000000eab00000,0x00000000ec400000,0x00000000ec400000)
  from space 4096K, 99% used [0x00000000ec800000,0x00000000ecbfd928,0x00000000ecc00000)
  to   space 4096K, 0% used [0x00000000ec400000,0x00000000ec400000,0x00000000ec800000)
 ParOldGen       total 68608K, used 6807K [0x00000000c0000000, 0x00000000c4300000, 0x00000000eab00000)
  object space 68608K, 9% used [0x00000000c0000000,0x00000000c06a5ca8,0x00000000c4300000)
 Metaspace       used 30253K, capacity 31923K, committed 32128K, reserved 1077248K
  class space    used 2893K, capacity 3437K, committed 3456K, reserved 1048576K
}
Event: 2.153 GC heap after
{Heap after GC invocations=6 (full 1):
 PSYoungGen      total 29184K, used 4065K [0x00000000eab00000, 0x00000000ed080000, 0x0000000100000000)
  eden space 25088K, 0% used [0x00000000eab00000,0x00000000eab00000,0x00000000ec380000)
  from space 4096K, 99% used [0x00000000ec400000,0x00000000ec7f8570,0x00000000ec800000)
  to   space 6656K, 0% used [0x00000000eca00000,0x00000000eca00000,0x00000000ed080000)
 ParOldGen       total 68608K, used 8826K [0x00000000c0000000, 0x00000000c4300000, 0x00000000eab00000)
  object space 68608K, 12% used [0x00000000c0000000,0x00000000c089e8c8,0x00000000c4300000)
 Metaspace       used 30253K, capacity 31923K, committed 32128K, reserved 1077248K
  class space    used 2893K, capacity 3437K, committed 3456K, reserved 1048576K
}
Event: 2.209 GC heap before
{Heap before GC invocations=7 (full 1):
 PSYoungGen      total 29184K, used 29153K [0x00000000eab00000, 0x00000000ed080000, 0x0000000100000000)
  eden space 25088K, 100% used [0x00000000eab00000,0x00000000ec380000,0x00000000ec380000)
  from space 4096K, 99% used [0x00000000ec400000,0x00000000ec7f8570,0x00000000ec800000)
  to   space 6656K, 0% used [0x00000000eca00000,0x00000000eca00000,0x00000000ed080000)
 ParOldGen       total 68608K, used 8826K [0x00000000c0000000, 0x00000000c4300000, 0x00000000eab00000)
  object space 68608K, 12% used [0x00000000c0000000,0x00000000c089e8c8,0x00000000c4300000)
 Metaspace       used 30329K, capacity 31987K, committed 32128K, reserved 1077248K
  class space    used 2897K, capacity 3437K, committed 3456K, reserved 1048576K
}
Event: 2.214 GC heap after
{Heap after GC invocations=7 (full 1):
 PSYoungGen      total 31232K, used 6281K [0x00000000eab00000, 0x00000000ed080000, 0x0000000100000000)
  eden space 24576K, 0% used [0x00000000eab00000,0x00000000eab00000,0x00000000ec300000)
  from space 6656K, 94% used [0x00000000eca00000,0x00000000ed0224e0,0x00000000ed080000)
  to   space 6656K, 0% used [0x00000000ec380000,0x00000000ec380000,0x00000000eca00000)
 ParOldGen       total 68608K, used 8834K [0x00000000c0000000, 0x00000000c4300000, 0x00000000eab00000)
  object space 68608K, 12% used [0x00000000c0000000,0x00000000c08a08c8,0x00000000c4300000)
 Metaspace       used 30329K, capacity 31987K, committed 32128K, reserved 1077248K
  class space    used 2897K, capacity 3437K, committed 3456K, reserved 1048576K
}
Event: 2.261 GC heap before
{Heap before GC invocations=8 (full 1):
 PSYoungGen      total 31232K, used 30857K [0x00000000eab00000, 0x00000000ed080000, 0x0000000100000000)
  eden space 24576K, 100% used [0x00000000eab00000,0x00000000ec300000,0x00000000ec300000)
  from space 6656K, 94% used [0x00000000eca00000,0x00000000ed0224e0,0x00000000ed080000)
  to   space 6656K, 0% used [0x00000000ec380000,0x00000000ec380000,0x00000000eca00000)
 ParOldGen       total 68608K, used 8834K [0x00000000c0000000, 0x00000000c4300000, 0x00000000eab00000)
  object space 68608K, 12% used [0x00000000c0000000,0x00000000c08a08c8,0x00000000c4300000)
 Metaspace       used 30418K, capacity 32083K, committed 32256K, reserved 1077248K
  class space    used 2905K, capacity 3469K, committed 3584K, reserved 1048576K
}
Event: 2.267 GC heap after
{Heap after GC invocations=8 (full 1):
 PSYoungGen      total 30720K, used 6650K [0x00000000eab00000, 0x00000000ed480000, 0x0000000100000000)
  eden space 24064K, 0% used [0x00000000eab00000,0x00000000eab00000,0x00000000ec280000)
  from space 6656K, 99% used [0x00000000ec380000,0x00000000ec9fe908,0x00000000eca00000)
  to   space 9216K, 0% used [0x00000000ecb80000,0x00000000ecb80000,0x00000000ed480000)
 ParOldGen       total 68608K, used 10701K [0x00000000c0000000, 0x00000000c4300000, 0x00000000eab00000)
  object space 68608K, 15% used [0x00000000c0000000,0x00000000c0a73450,0x00000000c4300000)
 Metaspace       used 30418K, capacity 32083K, committed 32256K, reserved 1077248K
  class space    used 2905K, capacity 3469K, committed 3584K, reserved 1048576K
}
Event: 2.291 GC heap before
{Heap before GC invocations=9 (full 1):
 PSYoungGen      total 30720K, used 30714K [0x00000000eab00000, 0x00000000ed480000, 0x0000000100000000)
  eden space 24064K, 100% used [0x00000000eab00000,0x00000000ec280000,0x00000000ec280000)
  from space 6656K, 99% used [0x00000000ec380000,0x00000000ec9fe908,0x00000000eca00000)
  to   space 9216K, 0% used [0x00000000ecb80000,0x00000000ecb80000,0x00000000ed480000)
 ParOldGen       total 68608K, used 10701K [0x00000000c0000000, 0x00000000c4300000, 0x00000000eab00000)
  object space 68608K, 15% used [0x00000000c0000000,0x00000000c0a73450,0x00000000c4300000)
 Metaspace       used 30418K, capacity 32083K, committed 32256K, reserved 1077248K
  class space    used 2905K, capacity 3469K, committed 3584K, reserved 1048576K
}
Event: 2.296 GC heap after
{Heap after GC invocations=9 (full 1):
 PSYoungGen      total 30208K, used 6464K [0x00000000eab00000, 0x00000000ed200000, 0x0000000100000000)
  eden space 23552K, 0% used [0x00000000eab00000,0x00000000eab00000,0x00000000ec200000)
  from space 6656K, 97% used [0x00000000ecb80000,0x00000000ed1d0010,0x00000000ed200000)
  to   space 7680K, 0% used [0x00000000ec300000,0x00000000ec300000,0x00000000eca80000)
 ParOldGen       total 68608K, used 13130K [0x00000000c0000000, 0x00000000c4300000, 0x00000000eab00000)
  object space 68608K, 19% used [0x00000000c0000000,0x00000000c0cd2be8,0x00000000c4300000)
 Metaspace       used 30418K, capacity 32083K, committed 32256K, reserved 1077248K
  class space    used 2905K, capacity 3469K, committed 3584K, reserved 1048576K
}
Event: 2.320 GC heap before
{Heap before GC invocations=10 (full 1):
 PSYoungGen      total 30208K, used 30016K [0x00000000eab00000, 0x00000000ed200000, 0x0000000100000000)
  eden space 23552K, 100% used [0x00000000eab00000,0x00000000ec200000,0x00000000ec200000)
  from space 6656K, 97% used [0x00000000ecb80000,0x00000000ed1d0010,0x00000000ed200000)
  to   space 7680K, 0% used [0x00000000ec300000,0x00000000ec300000,0x00000000eca80000)
 ParOldGen       total 68608K, used 13130K [0x00000000c0000000, 0x00000000c4300000, 0x00000000eab00000)
  object space 68608K, 19% used [0x00000000c0000000,0x00000000c0cd2be8,0x00000000c4300000)
 Metaspace       used 30418K, capacity 32083K, committed 32256K, reserved 1077248K
  class space    used 2905K, capacity 3469K, committed 3584K, reserved 1048576K
}
Event: 2.325 GC heap after
{Heap after GC invocations=10 (full 1):
 PSYoungGen      total 29184K, used 5888K [0x00000000eab00000, 0x00000000ece80000, 0x0000000100000000)
  eden space 23040K, 0% used [0x00000000eab00000,0x00000000eab00000,0x00000000ec180000)
  from space 6144K, 95% used [0x00000000ec300000,0x00000000ec8c0010,0x00000000ec900000)
  to   space 5632K, 0% used [0x00000000ec900000,0x00000000ec900000,0x00000000ece80000)
 ParOldGen       total 68608K, used 15710K [0x00000000c0000000, 0x00000000c4300000, 0x00000000eab00000)
  object space 68608K, 22% used [0x00000000c0000000,0x00000000c0f57a80,0x00000000c4300000)
 Metaspace       used 30418K, capacity 32083K, committed 32256K, reserved 1077248K
  class space    used 2905K, capacity 3469K, committed 3584K, reserved 1048576K
}

